[2025-07-28 15:26:32] [INFO] [::1] [user_1] Payment error: SQLSTATE[22001]: String data, right truncated: 1406 Data too long for column 'queue_number' at row 1
[2025-07-28 15:26:32] [INFO] [::1] [user_1] Payment error: SQLSTATE[22001]: String data, right truncated: 1406 Data too long for column 'queue_number' at row 1
[2025-07-28 15:26:32] [INFO] [::1] [user_1] Payment error: SQLSTATE[22001]: String data, right truncated: 1406 Data too long for column 'queue_number' at row 1
[2025-07-28 15:26:33] [INFO] [::1] [user_1] Payment error: SQLSTATE[22001]: String data, right truncated: 1406 Data too long for column 'queue_number' at row 1
[2025-07-28 15:26:33] [INFO] [::1] [user_1] Payment error: SQLSTATE[22001]: String data, right truncated: 1406 Data too long for column 'queue_number' at row 1
[2025-07-28 15:26:33] [INFO] [::1] [user_1] Payment error: SQLSTATE[22001]: String data, right truncated: 1406 Data too long for column 'queue_number' at row 1
[2025-07-28 15:26:33] [INFO] [::1] [user_1] Payment error: SQLSTATE[22001]: String data, right truncated: 1406 Data too long for column 'queue_number' at row 1
[2025-07-28 15:26:33] [INFO] [::1] [user_1] Payment error: SQLSTATE[22001]: String data, right truncated: 1406 Data too long for column 'queue_number' at row 1
[2025-07-28 15:26:34] [INFO] [::1] [user_1] Payment error: SQLSTATE[22001]: String data, right truncated: 1406 Data too long for column 'queue_number' at row 1
[2025-07-28 15:26:34] [INFO] [::1] [user_1] Payment error: SQLSTATE[22001]: String data, right truncated: 1406 Data too long for column 'queue_number' at row 1
[2025-07-28 15:26:34] [INFO] [::1] [user_1] Payment error: SQLSTATE[22001]: String data, right truncated: 1406 Data too long for column 'queue_number' at row 1
[2025-07-28 15:26:34] [INFO] [::1] [user_1] Payment error: SQLSTATE[22001]: String data, right truncated: 1406 Data too long for column 'queue_number' at row 1
[2025-07-28 15:26:35] [INFO] [::1] [user_1] Payment error: SQLSTATE[22001]: String data, right truncated: 1406 Data too long for column 'queue_number' at row 1
[2025-07-28 15:26:35] [INFO] [::1] [user_1] Payment error: SQLSTATE[22001]: String data, right truncated: 1406 Data too long for column 'queue_number' at row 1
[2025-07-28 15:26:35] [INFO] [::1] [user_1] Payment error: SQLSTATE[22001]: String data, right truncated: 1406 Data too long for column 'queue_number' at row 1
[2025-07-28 15:26:35] [INFO] [::1] [user_1] Payment error: SQLSTATE[22001]: String data, right truncated: 1406 Data too long for column 'queue_number' at row 1
[2025-07-28 15:26:35] [INFO] [::1] [user_1] Payment error: SQLSTATE[22001]: String data, right truncated: 1406 Data too long for column 'queue_number' at row 1
[2025-07-28 15:26:36] [INFO] [::1] [user_1] Payment error: SQLSTATE[22001]: String data, right truncated: 1406 Data too long for column 'queue_number' at row 1
[2025-07-28 15:26:36] [INFO] [::1] [user_1] Payment error: SQLSTATE[22001]: String data, right truncated: 1406 Data too long for column 'queue_number' at row 1
[2025-07-28 15:26:36] [INFO] [::1] [user_1] Payment error: SQLSTATE[22001]: String data, right truncated: 1406 Data too long for column 'queue_number' at row 1
[2025-07-28 15:26:36] [INFO] [::1] [user_1] Payment error: SQLSTATE[22001]: String data, right truncated: 1406 Data too long for column 'queue_number' at row 1
[2025-07-28 15:26:36] [INFO] [::1] [user_1] Payment error: SQLSTATE[22001]: String data, right truncated: 1406 Data too long for column 'queue_number' at row 1
[2025-07-28 15:26:37] [INFO] [::1] [user_1] Payment error: SQLSTATE[22001]: String data, right truncated: 1406 Data too long for column 'queue_number' at row 1
[2025-07-28 15:26:37] [INFO] [::1] [user_1] Payment error: SQLSTATE[22001]: String data, right truncated: 1406 Data too long for column 'queue_number' at row 1
[2025-07-28 15:26:37] [INFO] [::1] [user_1] Payment error: SQLSTATE[22001]: String data, right truncated: 1406 Data too long for column 'queue_number' at row 1
[2025-07-28 15:26:37] [INFO] [::1] [user_1] Payment error: SQLSTATE[22001]: String data, right truncated: 1406 Data too long for column 'queue_number' at row 1
[2025-07-28 15:26:37] [INFO] [::1] [user_1] Payment error: SQLSTATE[22001]: String data, right truncated: 1406 Data too long for column 'queue_number' at row 1
[2025-07-28 15:26:38] [INFO] [::1] [user_1] Payment error: SQLSTATE[22001]: String data, right truncated: 1406 Data too long for column 'queue_number' at row 1
[2025-07-28 15:26:38] [INFO] [::1] [user_1] Payment error: SQLSTATE[22001]: String data, right truncated: 1406 Data too long for column 'queue_number' at row 1
[2025-07-28 15:26:38] [INFO] [::1] [user_1] Payment error: SQLSTATE[22001]: String data, right truncated: 1406 Data too long for column 'queue_number' at row 1
[2025-07-28 15:26:38] [INFO] [::1] [user_1] Payment error: SQLSTATE[22001]: String data, right truncated: 1406 Data too long for column 'queue_number' at row 1
[2025-07-28 15:26:38] [INFO] [::1] [user_1] Payment error: SQLSTATE[22001]: String data, right truncated: 1406 Data too long for column 'queue_number' at row 1
[2025-07-28 15:26:39] [INFO] [::1] [user_1] Payment error: SQLSTATE[22001]: String data, right truncated: 1406 Data too long for column 'queue_number' at row 1
[2025-07-28 15:26:39] [INFO] [::1] [user_1] Payment error: SQLSTATE[22001]: String data, right truncated: 1406 Data too long for column 'queue_number' at row 1
[2025-07-28 15:26:39] [INFO] [::1] [user_1] Payment error: SQLSTATE[22001]: String data, right truncated: 1406 Data too long for column 'queue_number' at row 1
[2025-07-28 15:26:39] [INFO] [::1] [user_1] Payment error: SQLSTATE[22001]: String data, right truncated: 1406 Data too long for column 'queue_number' at row 1
[2025-07-28 15:26:39] [INFO] [::1] [user_1] Payment error: SQLSTATE[22001]: String data, right truncated: 1406 Data too long for column 'queue_number' at row 1
[2025-07-28 15:26:40] [INFO] [::1] [user_1] Payment error: SQLSTATE[22001]: String data, right truncated: 1406 Data too long for column 'queue_number' at row 1
[2025-07-28 15:26:40] [INFO] [::1] [user_1] Payment error: SQLSTATE[22001]: String data, right truncated: 1406 Data too long for column 'queue_number' at row 1
[2025-07-28 15:26:40] [INFO] [::1] [user_1] Payment error: SQLSTATE[22001]: String data, right truncated: 1406 Data too long for column 'queue_number' at row 1
[2025-07-28 15:26:40] [INFO] [::1] [user_1] Payment error: SQLSTATE[22001]: String data, right truncated: 1406 Data too long for column 'queue_number' at row 1
[2025-07-28 15:26:40] [INFO] [::1] [user_1] Payment error: SQLSTATE[22001]: String data, right truncated: 1406 Data too long for column 'queue_number' at row 1
[2025-07-28 15:26:41] [INFO] [::1] [user_1] Payment error: SQLSTATE[22001]: String data, right truncated: 1406 Data too long for column 'queue_number' at row 1
[2025-07-28 15:26:41] [INFO] [::1] [user_1] Payment error: SQLSTATE[22001]: String data, right truncated: 1406 Data too long for column 'queue_number' at row 1
[2025-07-28 15:26:41] [INFO] [::1] [user_1] Payment error: SQLSTATE[22001]: String data, right truncated: 1406 Data too long for column 'queue_number' at row 1
[2025-07-28 15:26:41] [INFO] [::1] [user_1] Payment error: SQLSTATE[22001]: String data, right truncated: 1406 Data too long for column 'queue_number' at row 1
[2025-07-28 15:26:41] [INFO] [::1] [user_1] Payment error: SQLSTATE[22001]: String data, right truncated: 1406 Data too long for column 'queue_number' at row 1
[2025-07-28 15:26:42] [INFO] [::1] [user_1] Payment error: SQLSTATE[22001]: String data, right truncated: 1406 Data too long for column 'queue_number' at row 1
[2025-07-28 15:26:42] [INFO] [::1] [user_1] Payment error: SQLSTATE[22001]: String data, right truncated: 1406 Data too long for column 'queue_number' at row 1
[2025-07-28 15:26:42] [INFO] [::1] [user_1] Payment error: SQLSTATE[22001]: String data, right truncated: 1406 Data too long for column 'queue_number' at row 1
[2025-07-28 15:26:42] [INFO] [::1] [user_1] Payment error: SQLSTATE[22001]: String data, right truncated: 1406 Data too long for column 'queue_number' at row 1
[2025-07-28 15:26:43] [INFO] [::1] [user_1] Payment error: SQLSTATE[22001]: String data, right truncated: 1406 Data too long for column 'queue_number' at row 1
[2025-07-28 15:26:43] [INFO] [::1] [user_1] Payment error: SQLSTATE[22001]: String data, right truncated: 1406 Data too long for column 'queue_number' at row 1
[2025-07-28 15:26:43] [INFO] [::1] [user_1] Payment error: SQLSTATE[22001]: String data, right truncated: 1406 Data too long for column 'queue_number' at row 1
[2025-07-28 15:26:43] [INFO] [::1] [user_1] Payment error: SQLSTATE[22001]: String data, right truncated: 1406 Data too long for column 'queue_number' at row 1
[2025-07-28 15:26:43] [INFO] [::1] [user_1] Payment error: SQLSTATE[22001]: String data, right truncated: 1406 Data too long for column 'queue_number' at row 1
[2025-07-28 15:26:44] [INFO] [::1] [user_1] Payment error: SQLSTATE[22001]: String data, right truncated: 1406 Data too long for column 'queue_number' at row 1
[2025-07-28 15:26:44] [INFO] [::1] [user_1] Payment error: SQLSTATE[22001]: String data, right truncated: 1406 Data too long for column 'queue_number' at row 1
[2025-07-28 15:26:44] [INFO] [::1] [user_1] Payment error: SQLSTATE[22001]: String data, right truncated: 1406 Data too long for column 'queue_number' at row 1
[2025-07-28 15:26:44] [INFO] [::1] [user_1] Payment error: SQLSTATE[22001]: String data, right truncated: 1406 Data too long for column 'queue_number' at row 1
[2025-07-28 15:30:36] [INFO] [::1] [user_1] User logout: admin (ID: 1)
[2025-07-28 15:30:36] [INFO] [::1] [guest] User logout: admin (ID: 1)
[2025-07-28 15:31:00] [INFO] [::1] [user_1] User login: admin (ID: 1)
[2025-07-28 15:48:40] [INFO] [::1] [user_1] Payment error: SQLSTATE[22001]: String data, right truncated: 1406 Data too long for column 'queue_number' at row 1
[2025-07-28 15:49:28] [INFO] [::1] [user_1] Payment error: SQLSTATE[22001]: String data, right truncated: 1406 Data too long for column 'queue_number' at row 1
[2025-07-28 15:49:52] [INFO] [::1] [user_1] Payment error: SQLSTATE[22001]: String data, right truncated: 1406 Data too long for column 'queue_number' at row 1
[2025-07-28 15:50:03] [INFO] [::1] [user_1] Payment error: SQLSTATE[22001]: String data, right truncated: 1406 Data too long for column 'queue_number' at row 1
[2025-07-28 15:56:06] [INFO] [::1] [user_1] System settings updated by admin
