[2025-07-29 11:44:24] [INFO] [::1] [guest] User logout: admin (ID: 1)
[2025-07-29 11:44:31] [INFO] [::1] [user_1] User login: admin (ID: 1)
[2025-07-29 12:00:42] [INFO] [::1] [user_1] Error checking blocked IP: SQLSTATE[42S02]: Base table or view not found: 1146 Table 'smart_order.login_attempts' doesn't exist
[2025-07-29 12:01:30] [INFO] [::1] [user_1] Payment error: SQLSTATE[22001]: String data, right truncated: 1406 Data too long for column 'queue_number' at row 1
[2025-07-29 13:56:53] [INFO] [::1] [guest] User logout: admin (ID: 1)
[2025-07-29 13:57:28] [INFO] [::1] [user_1] User login: admin (ID: 1)
[2025-07-29 13:58:43] [INFO] [::1] [user_1] Error managing menu: ประเภทไฟล์ไม่รองรับ
[2025-07-29 13:59:17] [INFO] [::1] [user_1] Updated menu item ID: 8 by admin
[2025-07-29 13:59:26] [INFO] [::1] [user_1] Updated menu item ID: 8 by admin
[2025-07-29 13:59:34] [INFO] [::1] [user_1] Product ID 8 status changed to: ปิดขาย by admin
[2025-07-29 13:59:42] [INFO] [::1] [user_1] Product ID 8 status changed to: เปิดขาย by admin
[2025-07-29 13:59:46] [INFO] [::1] [user_1] Product ID 8 status changed to: ปิดขาย by admin
[2025-07-29 13:59:49] [INFO] [::1] [user_1] Product ID 8 status changed to: เปิดขาย by admin
[2025-07-29 14:00:40] [INFO] [::1] [user_1] Payment error: SQLSTATE[22001]: String data, right truncated: 1406 Data too long for column 'queue_number' at row 1
[2025-07-29 14:00:40] [INFO] [::1] [user_1] Payment error: SQLSTATE[22001]: String data, right truncated: 1406 Data too long for column 'queue_number' at row 1
[2025-07-29 14:00:41] [INFO] [::1] [user_1] Payment error: SQLSTATE[22001]: String data, right truncated: 1406 Data too long for column 'queue_number' at row 1
[2025-07-29 14:00:41] [INFO] [::1] [user_1] Payment error: SQLSTATE[22001]: String data, right truncated: 1406 Data too long for column 'queue_number' at row 1
[2025-07-29 14:00:41] [INFO] [::1] [user_1] Payment error: SQLSTATE[22001]: String data, right truncated: 1406 Data too long for column 'queue_number' at row 1
[2025-07-29 14:00:41] [INFO] [::1] [user_1] Payment error: SQLSTATE[22001]: String data, right truncated: 1406 Data too long for column 'queue_number' at row 1
[2025-07-29 14:00:41] [INFO] [::1] [user_1] Payment error: SQLSTATE[22001]: String data, right truncated: 1406 Data too long for column 'queue_number' at row 1
[2025-07-29 14:00:42] [INFO] [::1] [user_1] Payment error: SQLSTATE[22001]: String data, right truncated: 1406 Data too long for column 'queue_number' at row 1
[2025-07-29 14:00:42] [INFO] [::1] [user_1] Payment error: SQLSTATE[22001]: String data, right truncated: 1406 Data too long for column 'queue_number' at row 1
[2025-07-29 14:00:42] [INFO] [::1] [user_1] Payment error: SQLSTATE[22001]: String data, right truncated: 1406 Data too long for column 'queue_number' at row 1
[2025-07-29 14:00:42] [INFO] [::1] [user_1] Payment error: SQLSTATE[22001]: String data, right truncated: 1406 Data too long for column 'queue_number' at row 1
[2025-07-29 14:00:42] [INFO] [::1] [user_1] Payment error: SQLSTATE[22001]: String data, right truncated: 1406 Data too long for column 'queue_number' at row 1
[2025-07-29 14:00:43] [INFO] [::1] [user_1] Payment error: SQLSTATE[22001]: String data, right truncated: 1406 Data too long for column 'queue_number' at row 1
[2025-07-29 14:00:43] [INFO] [::1] [user_1] Payment error: SQLSTATE[22001]: String data, right truncated: 1406 Data too long for column 'queue_number' at row 1
[2025-07-29 14:00:43] [INFO] [::1] [user_1] Payment error: SQLSTATE[22001]: String data, right truncated: 1406 Data too long for column 'queue_number' at row 1
[2025-07-29 14:00:43] [INFO] [::1] [user_1] Payment error: SQLSTATE[22001]: String data, right truncated: 1406 Data too long for column 'queue_number' at row 1
[2025-07-29 14:00:43] [INFO] [::1] [user_1] Payment error: SQLSTATE[22001]: String data, right truncated: 1406 Data too long for column 'queue_number' at row 1
[2025-07-29 14:00:44] [INFO] [::1] [user_1] Payment error: SQLSTATE[22001]: String data, right truncated: 1406 Data too long for column 'queue_number' at row 1
[2025-07-29 14:00:44] [INFO] [::1] [user_1] Payment error: SQLSTATE[22001]: String data, right truncated: 1406 Data too long for column 'queue_number' at row 1
[2025-07-29 14:00:44] [INFO] [::1] [user_1] Payment error: SQLSTATE[22001]: String data, right truncated: 1406 Data too long for column 'queue_number' at row 1
[2025-07-29 14:00:51] [INFO] [::1] [user_1] Product ID 7 deleted by admin
[2025-07-29 14:00:55] [INFO] [::1] [user_1] Product ID 6 deleted by admin
[2025-07-29 14:01:29] [INFO] [::1] [user_1] Added new menu item: ข้าวผัด by admin
[2025-07-29 19:06:30] [INFO] [::1] [user_1] Payment error: SQLSTATE[22001]: String data, right truncated: 1406 Data too long for column 'queue_number' at row 1
[2025-07-29 19:25:49] [INFO] [::1] [user_1] Payment error: SQLSTATE[22001]: String data, right truncated: 1406 Data too long for column 'queue_number' at row 1
[2025-07-29 19:25:54] [INFO] [::1] [user_1] Payment error: SQLSTATE[22001]: String data, right truncated: 1406 Data too long for column 'queue_number' at row 1
[2025-07-29 19:25:54] [INFO] [::1] [user_1] Payment error: SQLSTATE[22001]: String data, right truncated: 1406 Data too long for column 'queue_number' at row 1
[2025-07-29 19:25:54] [INFO] [::1] [user_1] Payment error: SQLSTATE[22001]: String data, right truncated: 1406 Data too long for column 'queue_number' at row 1
[2025-07-29 19:25:54] [INFO] [::1] [user_1] Payment error: SQLSTATE[22001]: String data, right truncated: 1406 Data too long for column 'queue_number' at row 1
[2025-07-29 19:25:54] [INFO] [::1] [user_1] Payment error: SQLSTATE[22001]: String data, right truncated: 1406 Data too long for column 'queue_number' at row 1
[2025-07-29 19:25:55] [INFO] [::1] [user_1] Payment error: SQLSTATE[22001]: String data, right truncated: 1406 Data too long for column 'queue_number' at row 1
[2025-07-29 19:25:55] [INFO] [::1] [user_1] Payment error: SQLSTATE[22001]: String data, right truncated: 1406 Data too long for column 'queue_number' at row 1
[2025-07-29 19:25:55] [INFO] [::1] [user_1] Payment error: SQLSTATE[22001]: String data, right truncated: 1406 Data too long for column 'queue_number' at row 1
[2025-07-29 19:25:55] [INFO] [::1] [user_1] Payment error: SQLSTATE[22001]: String data, right truncated: 1406 Data too long for column 'queue_number' at row 1
[2025-07-29 19:25:55] [INFO] [::1] [user_1] Payment error: SQLSTATE[22001]: String data, right truncated: 1406 Data too long for column 'queue_number' at row 1
[2025-07-29 19:25:56] [INFO] [::1] [user_1] Payment error: SQLSTATE[22001]: String data, right truncated: 1406 Data too long for column 'queue_number' at row 1
[2025-07-29 19:25:56] [INFO] [::1] [user_1] Payment error: SQLSTATE[22001]: String data, right truncated: 1406 Data too long for column 'queue_number' at row 1
[2025-07-29 19:25:56] [INFO] [::1] [user_1] Payment error: SQLSTATE[22001]: String data, right truncated: 1406 Data too long for column 'queue_number' at row 1
[2025-07-29 19:25:56] [INFO] [::1] [user_1] Payment error: SQLSTATE[22001]: String data, right truncated: 1406 Data too long for column 'queue_number' at row 1
[2025-07-29 19:25:56] [INFO] [::1] [user_1] Payment error: SQLSTATE[22001]: String data, right truncated: 1406 Data too long for column 'queue_number' at row 1
[2025-07-29 19:25:57] [INFO] [::1] [user_1] Payment error: SQLSTATE[22001]: String data, right truncated: 1406 Data too long for column 'queue_number' at row 1
[2025-07-29 19:25:57] [INFO] [::1] [user_1] Payment error: SQLSTATE[22001]: String data, right truncated: 1406 Data too long for column 'queue_number' at row 1
[2025-07-29 19:25:57] [INFO] [::1] [user_1] Payment error: SQLSTATE[22001]: String data, right truncated: 1406 Data too long for column 'queue_number' at row 1
[2025-07-29 19:25:57] [INFO] [::1] [user_1] Payment error: SQLSTATE[22001]: String data, right truncated: 1406 Data too long for column 'queue_number' at row 1
[2025-07-29 19:25:57] [INFO] [::1] [user_1] Payment error: SQLSTATE[22001]: String data, right truncated: 1406 Data too long for column 'queue_number' at row 1
[2025-07-29 19:25:58] [INFO] [::1] [user_1] Payment error: SQLSTATE[22001]: String data, right truncated: 1406 Data too long for column 'queue_number' at row 1
[2025-07-29 19:25:58] [INFO] [::1] [user_1] Payment error: SQLSTATE[22001]: String data, right truncated: 1406 Data too long for column 'queue_number' at row 1
[2025-07-29 19:25:58] [INFO] [::1] [user_1] Payment error: SQLSTATE[22001]: String data, right truncated: 1406 Data too long for column 'queue_number' at row 1
[2025-07-29 19:25:58] [INFO] [::1] [user_1] Payment error: SQLSTATE[22001]: String data, right truncated: 1406 Data too long for column 'queue_number' at row 1
[2025-07-29 19:25:58] [INFO] [::1] [user_1] Payment error: SQLSTATE[22001]: String data, right truncated: 1406 Data too long for column 'queue_number' at row 1
[2025-07-29 19:25:59] [INFO] [::1] [user_1] Payment error: SQLSTATE[22001]: String data, right truncated: 1406 Data too long for column 'queue_number' at row 1
[2025-07-29 19:25:59] [INFO] [::1] [user_1] Payment error: SQLSTATE[22001]: String data, right truncated: 1406 Data too long for column 'queue_number' at row 1
[2025-07-29 19:25:59] [INFO] [::1] [user_1] Payment error: SQLSTATE[22001]: String data, right truncated: 1406 Data too long for column 'queue_number' at row 1
[2025-07-29 19:25:59] [INFO] [::1] [user_1] Payment error: SQLSTATE[22001]: String data, right truncated: 1406 Data too long for column 'queue_number' at row 1
[2025-07-29 19:25:59] [INFO] [::1] [user_1] Payment error: SQLSTATE[22001]: String data, right truncated: 1406 Data too long for column 'queue_number' at row 1
[2025-07-29 19:26:00] [INFO] [::1] [user_1] Payment error: SQLSTATE[22001]: String data, right truncated: 1406 Data too long for column 'queue_number' at row 1
[2025-07-29 19:26:00] [INFO] [::1] [user_1] Payment error: SQLSTATE[22001]: String data, right truncated: 1406 Data too long for column 'queue_number' at row 1
[2025-07-29 19:26:00] [INFO] [::1] [user_1] Payment error: SQLSTATE[22001]: String data, right truncated: 1406 Data too long for column 'queue_number' at row 1
[2025-07-29 19:26:00] [INFO] [::1] [user_1] Payment error: SQLSTATE[22001]: String data, right truncated: 1406 Data too long for column 'queue_number' at row 1
[2025-07-29 19:26:00] [INFO] [::1] [user_1] Payment error: SQLSTATE[22001]: String data, right truncated: 1406 Data too long for column 'queue_number' at row 1
[2025-07-29 19:26:01] [INFO] [::1] [user_1] Payment error: SQLSTATE[22001]: String data, right truncated: 1406 Data too long for column 'queue_number' at row 1
[2025-07-29 19:26:01] [INFO] [::1] [user_1] Payment error: SQLSTATE[22001]: String data, right truncated: 1406 Data too long for column 'queue_number' at row 1
[2025-07-29 19:26:01] [INFO] [::1] [user_1] Payment error: SQLSTATE[22001]: String data, right truncated: 1406 Data too long for column 'queue_number' at row 1
[2025-07-29 19:26:01] [INFO] [::1] [user_1] Payment error: SQLSTATE[22001]: String data, right truncated: 1406 Data too long for column 'queue_number' at row 1
[2025-07-29 19:26:01] [INFO] [::1] [user_1] Payment error: SQLSTATE[22001]: String data, right truncated: 1406 Data too long for column 'queue_number' at row 1
[2025-07-29 19:26:02] [INFO] [::1] [user_1] Payment error: SQLSTATE[22001]: String data, right truncated: 1406 Data too long for column 'queue_number' at row 1
[2025-07-29 19:26:02] [INFO] [::1] [user_1] Payment error: SQLSTATE[22001]: String data, right truncated: 1406 Data too long for column 'queue_number' at row 1
[2025-07-29 19:26:02] [INFO] [::1] [user_1] Payment error: SQLSTATE[22001]: String data, right truncated: 1406 Data too long for column 'queue_number' at row 1
[2025-07-29 19:26:02] [INFO] [::1] [user_1] Payment error: SQLSTATE[22001]: String data, right truncated: 1406 Data too long for column 'queue_number' at row 1
[2025-07-29 19:26:03] [INFO] [::1] [user_1] Payment error: SQLSTATE[22001]: String data, right truncated: 1406 Data too long for column 'queue_number' at row 1
[2025-07-29 19:26:03] [INFO] [::1] [user_1] Payment error: SQLSTATE[22001]: String data, right truncated: 1406 Data too long for column 'queue_number' at row 1
[2025-07-29 19:26:03] [INFO] [::1] [user_1] Payment error: SQLSTATE[22001]: String data, right truncated: 1406 Data too long for column 'queue_number' at row 1
[2025-07-29 19:26:03] [INFO] [::1] [user_1] Payment error: SQLSTATE[22001]: String data, right truncated: 1406 Data too long for column 'queue_number' at row 1
[2025-07-29 19:26:03] [INFO] [::1] [user_1] Payment error: SQLSTATE[22001]: String data, right truncated: 1406 Data too long for column 'queue_number' at row 1
[2025-07-29 19:26:04] [INFO] [::1] [user_1] Payment error: SQLSTATE[22001]: String data, right truncated: 1406 Data too long for column 'queue_number' at row 1
[2025-07-29 19:26:04] [INFO] [::1] [user_1] Payment error: SQLSTATE[22001]: String data, right truncated: 1406 Data too long for column 'queue_number' at row 1
[2025-07-29 19:26:04] [INFO] [::1] [user_1] Payment error: SQLSTATE[22001]: String data, right truncated: 1406 Data too long for column 'queue_number' at row 1
[2025-07-29 19:26:04] [INFO] [::1] [user_1] Payment error: SQLSTATE[22001]: String data, right truncated: 1406 Data too long for column 'queue_number' at row 1
[2025-07-29 19:26:04] [INFO] [::1] [user_1] Payment error: SQLSTATE[22001]: String data, right truncated: 1406 Data too long for column 'queue_number' at row 1
[2025-07-29 19:26:05] [INFO] [::1] [user_1] Payment error: SQLSTATE[22001]: String data, right truncated: 1406 Data too long for column 'queue_number' at row 1
[2025-07-29 19:26:05] [INFO] [::1] [user_1] Payment error: SQLSTATE[22001]: String data, right truncated: 1406 Data too long for column 'queue_number' at row 1
[2025-07-29 19:26:05] [INFO] [::1] [user_1] Payment error: SQLSTATE[22001]: String data, right truncated: 1406 Data too long for column 'queue_number' at row 1
[2025-07-29 19:26:05] [INFO] [::1] [user_1] Payment error: SQLSTATE[22001]: String data, right truncated: 1406 Data too long for column 'queue_number' at row 1
[2025-07-29 19:26:05] [INFO] [::1] [user_1] Payment error: SQLSTATE[22001]: String data, right truncated: 1406 Data too long for column 'queue_number' at row 1
[2025-07-29 19:26:06] [INFO] [::1] [user_1] Payment error: SQLSTATE[22001]: String data, right truncated: 1406 Data too long for column 'queue_number' at row 1
[2025-07-29 19:26:06] [INFO] [::1] [user_1] Payment error: SQLSTATE[22001]: String data, right truncated: 1406 Data too long for column 'queue_number' at row 1
[2025-07-29 19:26:06] [INFO] [::1] [user_1] Payment error: SQLSTATE[22001]: String data, right truncated: 1406 Data too long for column 'queue_number' at row 1
[2025-07-29 19:26:06] [INFO] [::1] [user_1] Payment error: SQLSTATE[22001]: String data, right truncated: 1406 Data too long for column 'queue_number' at row 1
[2025-07-29 19:26:06] [INFO] [::1] [user_1] Payment error: SQLSTATE[22001]: String data, right truncated: 1406 Data too long for column 'queue_number' at row 1
[2025-07-29 19:26:07] [INFO] [::1] [user_1] Payment error: SQLSTATE[22001]: String data, right truncated: 1406 Data too long for column 'queue_number' at row 1
[2025-07-29 19:26:07] [INFO] [::1] [user_1] Payment error: SQLSTATE[22001]: String data, right truncated: 1406 Data too long for column 'queue_number' at row 1
[2025-07-29 19:26:07] [INFO] [::1] [user_1] Payment error: SQLSTATE[22001]: String data, right truncated: 1406 Data too long for column 'queue_number' at row 1
[2025-07-29 19:26:07] [INFO] [::1] [user_1] Payment error: SQLSTATE[22001]: String data, right truncated: 1406 Data too long for column 'queue_number' at row 1
[2025-07-29 19:26:07] [INFO] [::1] [user_1] Payment error: SQLSTATE[22001]: String data, right truncated: 1406 Data too long for column 'queue_number' at row 1
[2025-07-29 19:26:08] [INFO] [::1] [user_1] Payment error: SQLSTATE[22001]: String data, right truncated: 1406 Data too long for column 'queue_number' at row 1
[2025-07-29 19:26:08] [INFO] [::1] [user_1] Payment error: SQLSTATE[22001]: String data, right truncated: 1406 Data too long for column 'queue_number' at row 1
[2025-07-29 19:26:08] [INFO] [::1] [user_1] Payment error: SQLSTATE[22001]: String data, right truncated: 1406 Data too long for column 'queue_number' at row 1
[2025-07-29 19:26:08] [INFO] [::1] [user_1] Payment error: SQLSTATE[22001]: String data, right truncated: 1406 Data too long for column 'queue_number' at row 1
[2025-07-29 19:26:08] [INFO] [::1] [user_1] Payment error: SQLSTATE[22001]: String data, right truncated: 1406 Data too long for column 'queue_number' at row 1
[2025-07-29 19:26:09] [INFO] [::1] [user_1] Payment error: SQLSTATE[22001]: String data, right truncated: 1406 Data too long for column 'queue_number' at row 1
[2025-07-29 19:26:09] [INFO] [::1] [user_1] Payment error: SQLSTATE[22001]: String data, right truncated: 1406 Data too long for column 'queue_number' at row 1
[2025-07-29 19:26:09] [INFO] [::1] [user_1] Payment error: SQLSTATE[22001]: String data, right truncated: 1406 Data too long for column 'queue_number' at row 1
[2025-07-29 19:26:09] [INFO] [::1] [user_1] Payment error: SQLSTATE[22001]: String data, right truncated: 1406 Data too long for column 'queue_number' at row 1
[2025-07-29 19:26:10] [INFO] [::1] [user_1] Payment error: SQLSTATE[22001]: String data, right truncated: 1406 Data too long for column 'queue_number' at row 1
[2025-07-29 19:26:10] [INFO] [::1] [user_1] Payment error: SQLSTATE[22001]: String data, right truncated: 1406 Data too long for column 'queue_number' at row 1
[2025-07-29 19:26:10] [INFO] [::1] [user_1] Payment error: SQLSTATE[22001]: String data, right truncated: 1406 Data too long for column 'queue_number' at row 1
[2025-07-29 19:26:10] [INFO] [::1] [user_1] Payment error: SQLSTATE[22001]: String data, right truncated: 1406 Data too long for column 'queue_number' at row 1
[2025-07-29 19:26:10] [INFO] [::1] [user_1] Payment error: SQLSTATE[22001]: String data, right truncated: 1406 Data too long for column 'queue_number' at row 1
[2025-07-29 19:26:11] [INFO] [::1] [user_1] Payment error: SQLSTATE[22001]: String data, right truncated: 1406 Data too long for column 'queue_number' at row 1
[2025-07-29 19:26:11] [INFO] [::1] [user_1] Payment error: SQLSTATE[22001]: String data, right truncated: 1406 Data too long for column 'queue_number' at row 1
[2025-07-29 19:26:11] [INFO] [::1] [user_1] Payment error: SQLSTATE[22001]: String data, right truncated: 1406 Data too long for column 'queue_number' at row 1
[2025-07-29 19:26:11] [INFO] [::1] [user_1] Payment error: SQLSTATE[22001]: String data, right truncated: 1406 Data too long for column 'queue_number' at row 1
[2025-07-29 19:26:11] [INFO] [::1] [user_1] Payment error: SQLSTATE[22001]: String data, right truncated: 1406 Data too long for column 'queue_number' at row 1
[2025-07-29 19:26:12] [INFO] [::1] [user_1] Payment error: SQLSTATE[22001]: String data, right truncated: 1406 Data too long for column 'queue_number' at row 1
[2025-07-29 19:26:12] [INFO] [::1] [user_1] Payment error: SQLSTATE[22001]: String data, right truncated: 1406 Data too long for column 'queue_number' at row 1
[2025-07-29 19:26:12] [INFO] [::1] [user_1] Payment error: SQLSTATE[22001]: String data, right truncated: 1406 Data too long for column 'queue_number' at row 1
[2025-07-29 19:26:12] [INFO] [::1] [user_1] Payment error: SQLSTATE[22001]: String data, right truncated: 1406 Data too long for column 'queue_number' at row 1
[2025-07-29 19:26:12] [INFO] [::1] [user_1] Payment error: SQLSTATE[22001]: String data, right truncated: 1406 Data too long for column 'queue_number' at row 1
[2025-07-29 19:26:13] [INFO] [::1] [user_1] Payment error: SQLSTATE[22001]: String data, right truncated: 1406 Data too long for column 'queue_number' at row 1
[2025-07-29 19:26:13] [INFO] [::1] [user_1] Payment error: SQLSTATE[22001]: String data, right truncated: 1406 Data too long for column 'queue_number' at row 1
[2025-07-29 19:26:13] [INFO] [::1] [user_1] Payment error: SQLSTATE[22001]: String data, right truncated: 1406 Data too long for column 'queue_number' at row 1
[2025-07-29 19:26:13] [INFO] [::1] [user_1] Payment error: SQLSTATE[22001]: String data, right truncated: 1406 Data too long for column 'queue_number' at row 1
[2025-07-29 19:26:14] [INFO] [::1] [user_1] Payment error: SQLSTATE[22001]: String data, right truncated: 1406 Data too long for column 'queue_number' at row 1
[2025-07-29 19:26:14] [INFO] [::1] [user_1] Payment error: SQLSTATE[22001]: String data, right truncated: 1406 Data too long for column 'queue_number' at row 1
[2025-07-29 19:27:21] [INFO] [::1] [user_1] Payment error: SQLSTATE[22001]: String data, right truncated: 1406 Data too long for column 'queue_number' at row 1
[2025-07-29 19:35:04] [INFO] [::1] [user_1] Payment error: SQLSTATE[22001]: String data, right truncated: 1406 Data too long for column 'queue_number' at row 1
[2025-07-29 19:35:09] [INFO] [::1] [user_1] Payment error: SQLSTATE[22001]: String data, right truncated: 1406 Data too long for column 'queue_number' at row 1
[2025-07-29 19:35:09] [INFO] [::1] [user_1] Payment error: SQLSTATE[22001]: String data, right truncated: 1406 Data too long for column 'queue_number' at row 1
[2025-07-29 19:35:10] [INFO] [::1] [user_1] Payment error: SQLSTATE[22001]: String data, right truncated: 1406 Data too long for column 'queue_number' at row 1
[2025-07-29 19:35:10] [INFO] [::1] [user_1] Payment error: SQLSTATE[22001]: String data, right truncated: 1406 Data too long for column 'queue_number' at row 1
[2025-07-29 19:35:10] [INFO] [::1] [user_1] Payment error: SQLSTATE[22001]: String data, right truncated: 1406 Data too long for column 'queue_number' at row 1
[2025-07-29 19:35:10] [INFO] [::1] [user_1] Payment error: SQLSTATE[22001]: String data, right truncated: 1406 Data too long for column 'queue_number' at row 1
[2025-07-29 19:35:10] [INFO] [::1] [user_1] Payment error: SQLSTATE[22001]: String data, right truncated: 1406 Data too long for column 'queue_number' at row 1
[2025-07-29 19:35:11] [INFO] [::1] [user_1] Payment error: SQLSTATE[22001]: String data, right truncated: 1406 Data too long for column 'queue_number' at row 1
[2025-07-29 19:35:11] [INFO] [::1] [user_1] Payment error: SQLSTATE[22001]: String data, right truncated: 1406 Data too long for column 'queue_number' at row 1
[2025-07-29 19:35:11] [INFO] [::1] [user_1] Payment error: SQLSTATE[22001]: String data, right truncated: 1406 Data too long for column 'queue_number' at row 1
[2025-07-29 19:35:11] [INFO] [::1] [user_1] Payment error: SQLSTATE[22001]: String data, right truncated: 1406 Data too long for column 'queue_number' at row 1
[2025-07-29 19:35:11] [INFO] [::1] [user_1] Payment error: SQLSTATE[22001]: String data, right truncated: 1406 Data too long for column 'queue_number' at row 1
[2025-07-29 19:35:12] [INFO] [::1] [user_1] Payment error: SQLSTATE[22001]: String data, right truncated: 1406 Data too long for column 'queue_number' at row 1
[2025-07-29 19:35:12] [INFO] [::1] [user_1] Payment error: SQLSTATE[22001]: String data, right truncated: 1406 Data too long for column 'queue_number' at row 1
[2025-07-29 19:35:12] [INFO] [::1] [user_1] Payment error: SQLSTATE[22001]: String data, right truncated: 1406 Data too long for column 'queue_number' at row 1
[2025-07-29 19:35:12] [INFO] [::1] [user_1] Payment error: SQLSTATE[22001]: String data, right truncated: 1406 Data too long for column 'queue_number' at row 1
[2025-07-29 19:35:12] [INFO] [::1] [user_1] Payment error: SQLSTATE[22001]: String data, right truncated: 1406 Data too long for column 'queue_number' at row 1
[2025-07-29 19:35:13] [INFO] [::1] [user_1] Payment error: SQLSTATE[22001]: String data, right truncated: 1406 Data too long for column 'queue_number' at row 1
[2025-07-29 19:35:13] [INFO] [::1] [user_1] Payment error: SQLSTATE[22001]: String data, right truncated: 1406 Data too long for column 'queue_number' at row 1
[2025-07-29 19:35:13] [INFO] [::1] [user_1] Payment error: SQLSTATE[22001]: String data, right truncated: 1406 Data too long for column 'queue_number' at row 1
[2025-07-29 19:35:13] [INFO] [::1] [user_1] Payment error: SQLSTATE[22001]: String data, right truncated: 1406 Data too long for column 'queue_number' at row 1
[2025-07-29 19:35:13] [INFO] [::1] [user_1] Payment error: SQLSTATE[22001]: String data, right truncated: 1406 Data too long for column 'queue_number' at row 1
[2025-07-29 19:35:14] [INFO] [::1] [user_1] Payment error: SQLSTATE[22001]: String data, right truncated: 1406 Data too long for column 'queue_number' at row 1
[2025-07-29 19:35:14] [INFO] [::1] [user_1] Payment error: SQLSTATE[22001]: String data, right truncated: 1406 Data too long for column 'queue_number' at row 1
[2025-07-29 19:35:14] [INFO] [::1] [user_1] Payment error: SQLSTATE[22001]: String data, right truncated: 1406 Data too long for column 'queue_number' at row 1
[2025-07-29 19:35:14] [INFO] [::1] [user_1] Payment error: SQLSTATE[22001]: String data, right truncated: 1406 Data too long for column 'queue_number' at row 1
[2025-07-29 19:35:15] [INFO] [::1] [user_1] Payment error: SQLSTATE[22001]: String data, right truncated: 1406 Data too long for column 'queue_number' at row 1
[2025-07-29 19:35:15] [INFO] [::1] [user_1] Payment error: SQLSTATE[22001]: String data, right truncated: 1406 Data too long for column 'queue_number' at row 1
[2025-07-29 19:35:15] [INFO] [::1] [user_1] Payment error: SQLSTATE[22001]: String data, right truncated: 1406 Data too long for column 'queue_number' at row 1
[2025-07-29 19:35:15] [INFO] [::1] [user_1] Payment error: SQLSTATE[22001]: String data, right truncated: 1406 Data too long for column 'queue_number' at row 1
[2025-07-29 19:35:15] [INFO] [::1] [user_1] Payment error: SQLSTATE[22001]: String data, right truncated: 1406 Data too long for column 'queue_number' at row 1
[2025-07-29 19:35:16] [INFO] [::1] [user_1] Payment error: SQLSTATE[22001]: String data, right truncated: 1406 Data too long for column 'queue_number' at row 1
[2025-07-29 19:36:01] [INFO] [::1] [user_1] User login: admin (ID: 1)
[2025-07-29 19:36:16] [INFO] [::1] [user_1] Payment error: SQLSTATE[22001]: String data, right truncated: 1406 Data too long for column 'queue_number' at row 1
[2025-07-29 19:36:54] [INFO] [::1] [user_1] Payment error: SQLSTATE[22001]: String data, right truncated: 1406 Data too long for column 'queue_number' at row 1
[2025-07-29 19:36:58] [INFO] [::1] [user_1] Payment error: SQLSTATE[22001]: String data, right truncated: 1406 Data too long for column 'queue_number' at row 1
[2025-07-29 19:48:31] [INFO] [::1] [user_1] Payment error: SQLSTATE[22001]: String data, right truncated: 1406 Data too long for column 'queue_number' at row 1
[2025-07-29 19:51:14] [INFO] [::1] [user_1] Payment error: จำนวนเงินที่รับมาไม่เพียงพอ
[2025-07-29 20:00:43] [INFO] [::1] [user_1] Error checking blocked IP: SQLSTATE[42S02]: Base table or view not found: 1146 Table 'smart_order.login_attempts' doesn't exist
[2025-07-29 20:01:08] [INFO] [::1] [user_1] Error checking blocked IP: SQLSTATE[42S02]: Base table or view not found: 1146 Table 'smart_order.login_attempts' doesn't exist
[2025-07-29 20:01:08] [INFO] [::1] [user_1] Error recording failed attempt: SQLSTATE[42S02]: Base table or view not found: 1146 Table 'smart_order.login_attempts' doesn't exist
[2025-07-29 20:01:13] [INFO] [::1] [user_1] Error checking blocked IP: SQLSTATE[42S02]: Base table or view not found: 1146 Table 'smart_order.login_attempts' doesn't exist
[2025-07-29 20:01:13] [INFO] [::1] [user_3] User login: kitchen001 (ID: 3)
[2025-07-29 20:01:13] [INFO] [::1] [user_3] Error clearing failed attempts: SQLSTATE[42S02]: Base table or view not found: 1146 Table 'smart_order.login_attempts' doesn't exist
[2025-07-29 20:10:08] [INFO] [::1] [user_1] Payment error: SQLSTATE[22001]: String data, right truncated: 1406 Data too long for column 'queue_number' at row 1
[2025-07-29 20:10:08] [INFO] [::1] [user_1] Payment error: SQLSTATE[22001]: String data, right truncated: 1406 Data too long for column 'queue_number' at row 1
[2025-07-29 20:10:08] [INFO] [::1] [user_1] Payment error: SQLSTATE[22001]: String data, right truncated: 1406 Data too long for column 'queue_number' at row 1
[2025-07-29 20:10:08] [INFO] [::1] [user_1] Payment error: SQLSTATE[22001]: String data, right truncated: 1406 Data too long for column 'queue_number' at row 1
[2025-07-29 20:10:09] [INFO] [::1] [user_1] Payment error: SQLSTATE[22001]: String data, right truncated: 1406 Data too long for column 'queue_number' at row 1
[2025-07-29 20:10:09] [INFO] [::1] [user_1] Payment error: SQLSTATE[22001]: String data, right truncated: 1406 Data too long for column 'queue_number' at row 1
[2025-07-29 20:10:09] [INFO] [::1] [user_1] Payment error: SQLSTATE[22001]: String data, right truncated: 1406 Data too long for column 'queue_number' at row 1
[2025-07-29 20:10:09] [INFO] [::1] [user_1] Payment error: SQLSTATE[22001]: String data, right truncated: 1406 Data too long for column 'queue_number' at row 1
[2025-07-29 20:10:09] [INFO] [::1] [user_1] Payment error: SQLSTATE[22001]: String data, right truncated: 1406 Data too long for column 'queue_number' at row 1
[2025-07-29 20:10:10] [INFO] [::1] [user_1] Payment error: SQLSTATE[22001]: String data, right truncated: 1406 Data too long for column 'queue_number' at row 1
[2025-07-29 20:10:10] [INFO] [::1] [user_1] Payment error: SQLSTATE[22001]: String data, right truncated: 1406 Data too long for column 'queue_number' at row 1
[2025-07-29 20:10:10] [INFO] [::1] [user_1] Payment error: SQLSTATE[22001]: String data, right truncated: 1406 Data too long for column 'queue_number' at row 1
[2025-07-29 20:10:10] [INFO] [::1] [user_1] Payment error: SQLSTATE[22001]: String data, right truncated: 1406 Data too long for column 'queue_number' at row 1
[2025-07-29 20:10:10] [INFO] [::1] [user_1] Payment error: SQLSTATE[22001]: String data, right truncated: 1406 Data too long for column 'queue_number' at row 1
[2025-07-29 20:10:11] [INFO] [::1] [user_1] Payment error: SQLSTATE[22001]: String data, right truncated: 1406 Data too long for column 'queue_number' at row 1
[2025-07-29 20:10:11] [INFO] [::1] [user_1] Payment error: SQLSTATE[22001]: String data, right truncated: 1406 Data too long for column 'queue_number' at row 1
[2025-07-29 20:10:11] [INFO] [::1] [user_1] Payment error: SQLSTATE[22001]: String data, right truncated: 1406 Data too long for column 'queue_number' at row 1
[2025-07-29 20:10:11] [INFO] [::1] [user_1] Payment error: SQLSTATE[22001]: String data, right truncated: 1406 Data too long for column 'queue_number' at row 1
[2025-07-29 20:10:11] [INFO] [::1] [user_1] Payment error: SQLSTATE[22001]: String data, right truncated: 1406 Data too long for column 'queue_number' at row 1
[2025-07-29 20:10:12] [INFO] [::1] [user_1] Payment error: SQLSTATE[22001]: String data, right truncated: 1406 Data too long for column 'queue_number' at row 1
[2025-07-29 20:10:12] [INFO] [::1] [user_1] Payment error: SQLSTATE[22001]: String data, right truncated: 1406 Data too long for column 'queue_number' at row 1
[2025-07-29 20:10:12] [INFO] [::1] [user_1] Payment error: SQLSTATE[22001]: String data, right truncated: 1406 Data too long for column 'queue_number' at row 1
[2025-07-29 20:10:12] [INFO] [::1] [user_1] Payment error: SQLSTATE[22001]: String data, right truncated: 1406 Data too long for column 'queue_number' at row 1
[2025-07-29 20:10:12] [INFO] [::1] [user_1] Payment error: SQLSTATE[22001]: String data, right truncated: 1406 Data too long for column 'queue_number' at row 1
[2025-07-29 20:10:13] [INFO] [::1] [user_1] Payment error: SQLSTATE[22001]: String data, right truncated: 1406 Data too long for column 'queue_number' at row 1
[2025-07-29 20:10:13] [INFO] [::1] [user_1] Payment error: SQLSTATE[22001]: String data, right truncated: 1406 Data too long for column 'queue_number' at row 1
[2025-07-29 20:10:13] [INFO] [::1] [user_1] Payment error: SQLSTATE[22001]: String data, right truncated: 1406 Data too long for column 'queue_number' at row 1
[2025-07-29 20:10:13] [INFO] [::1] [user_1] Payment error: SQLSTATE[22001]: String data, right truncated: 1406 Data too long for column 'queue_number' at row 1
[2025-07-29 20:10:14] [INFO] [::1] [user_1] Payment error: SQLSTATE[22001]: String data, right truncated: 1406 Data too long for column 'queue_number' at row 1
[2025-07-29 20:10:14] [INFO] [::1] [user_1] Payment error: SQLSTATE[22001]: String data, right truncated: 1406 Data too long for column 'queue_number' at row 1
[2025-07-29 20:10:14] [INFO] [::1] [user_1] Payment error: SQLSTATE[22001]: String data, right truncated: 1406 Data too long for column 'queue_number' at row 1
[2025-07-29 20:10:14] [INFO] [::1] [user_1] Payment error: SQLSTATE[22001]: String data, right truncated: 1406 Data too long for column 'queue_number' at row 1
[2025-07-29 20:10:14] [INFO] [::1] [user_1] Payment error: SQLSTATE[22001]: String data, right truncated: 1406 Data too long for column 'queue_number' at row 1
[2025-07-29 20:10:15] [INFO] [::1] [user_1] Payment error: SQLSTATE[22001]: String data, right truncated: 1406 Data too long for column 'queue_number' at row 1
[2025-07-29 20:10:15] [INFO] [::1] [user_1] Payment error: SQLSTATE[22001]: String data, right truncated: 1406 Data too long for column 'queue_number' at row 1
[2025-07-29 20:10:15] [INFO] [::1] [user_1] Payment error: SQLSTATE[22001]: String data, right truncated: 1406 Data too long for column 'queue_number' at row 1
[2025-07-29 20:10:15] [INFO] [::1] [user_1] Payment error: SQLSTATE[22001]: String data, right truncated: 1406 Data too long for column 'queue_number' at row 1
[2025-07-29 20:10:15] [INFO] [::1] [user_1] Payment error: SQLSTATE[22001]: String data, right truncated: 1406 Data too long for column 'queue_number' at row 1
[2025-07-29 20:10:16] [INFO] [::1] [user_1] Payment error: SQLSTATE[22001]: String data, right truncated: 1406 Data too long for column 'queue_number' at row 1
[2025-07-29 20:10:16] [INFO] [::1] [user_1] Payment error: SQLSTATE[22001]: String data, right truncated: 1406 Data too long for column 'queue_number' at row 1
[2025-07-29 20:10:16] [INFO] [::1] [user_1] Payment error: SQLSTATE[22001]: String data, right truncated: 1406 Data too long for column 'queue_number' at row 1
[2025-07-29 20:10:16] [INFO] [::1] [user_1] Payment error: SQLSTATE[22001]: String data, right truncated: 1406 Data too long for column 'queue_number' at row 1
[2025-07-29 20:10:16] [INFO] [::1] [user_1] Payment error: SQLSTATE[22001]: String data, right truncated: 1406 Data too long for column 'queue_number' at row 1
[2025-07-29 20:10:17] [INFO] [::1] [user_1] Payment error: SQLSTATE[22001]: String data, right truncated: 1406 Data too long for column 'queue_number' at row 1
[2025-07-29 20:10:17] [INFO] [::1] [user_1] Payment error: SQLSTATE[22001]: String data, right truncated: 1406 Data too long for column 'queue_number' at row 1
[2025-07-29 20:10:17] [INFO] [::1] [user_1] Payment error: SQLSTATE[22001]: String data, right truncated: 1406 Data too long for column 'queue_number' at row 1
[2025-07-29 20:10:17] [INFO] [::1] [user_1] Payment error: SQLSTATE[22001]: String data, right truncated: 1406 Data too long for column 'queue_number' at row 1
[2025-07-29 20:10:17] [INFO] [::1] [user_1] Payment error: SQLSTATE[22001]: String data, right truncated: 1406 Data too long for column 'queue_number' at row 1
[2025-07-29 20:10:18] [INFO] [::1] [user_1] Payment error: SQLSTATE[22001]: String data, right truncated: 1406 Data too long for column 'queue_number' at row 1
[2025-07-29 20:10:18] [INFO] [::1] [user_1] Payment error: SQLSTATE[22001]: String data, right truncated: 1406 Data too long for column 'queue_number' at row 1
[2025-07-29 20:10:18] [INFO] [::1] [user_1] Payment error: SQLSTATE[22001]: String data, right truncated: 1406 Data too long for column 'queue_number' at row 1
[2025-07-29 20:10:18] [INFO] [::1] [user_1] Payment error: SQLSTATE[22001]: String data, right truncated: 1406 Data too long for column 'queue_number' at row 1
[2025-07-29 20:10:18] [INFO] [::1] [user_1] Payment error: SQLSTATE[22001]: String data, right truncated: 1406 Data too long for column 'queue_number' at row 1
[2025-07-29 20:10:19] [INFO] [::1] [user_1] Payment error: SQLSTATE[22001]: String data, right truncated: 1406 Data too long for column 'queue_number' at row 1
[2025-07-29 20:10:19] [INFO] [::1] [user_1] Payment error: SQLSTATE[22001]: String data, right truncated: 1406 Data too long for column 'queue_number' at row 1
[2025-07-29 20:10:19] [INFO] [::1] [user_1] Payment error: SQLSTATE[22001]: String data, right truncated: 1406 Data too long for column 'queue_number' at row 1
[2025-07-29 20:10:19] [INFO] [::1] [user_1] Payment error: SQLSTATE[22001]: String data, right truncated: 1406 Data too long for column 'queue_number' at row 1
[2025-07-29 20:10:19] [INFO] [::1] [user_1] Payment error: SQLSTATE[22001]: String data, right truncated: 1406 Data too long for column 'queue_number' at row 1
[2025-07-29 20:10:20] [INFO] [::1] [user_1] Payment error: SQLSTATE[22001]: String data, right truncated: 1406 Data too long for column 'queue_number' at row 1
[2025-07-29 20:10:20] [INFO] [::1] [user_1] Payment error: SQLSTATE[22001]: String data, right truncated: 1406 Data too long for column 'queue_number' at row 1
[2025-07-29 20:10:20] [INFO] [::1] [user_1] Payment error: SQLSTATE[22001]: String data, right truncated: 1406 Data too long for column 'queue_number' at row 1
[2025-07-29 20:10:20] [INFO] [::1] [user_1] Payment error: SQLSTATE[22001]: String data, right truncated: 1406 Data too long for column 'queue_number' at row 1
[2025-07-29 20:10:21] [INFO] [::1] [user_1] Payment error: SQLSTATE[22001]: String data, right truncated: 1406 Data too long for column 'queue_number' at row 1
[2025-07-29 20:15:25] [INFO] [::1] [guest] User logout: admin (ID: 1)
[2025-07-29 20:15:34] [INFO] [::1] [user_1] User login: admin (ID: 1)
