[2025-08-18 00:01:17] [INFO] [::1] [guest] Queue called: Q250001 by POS System
[2025-08-18 00:01:18] [INFO] [::1] [guest] Queue called: Q250001 by POS System
[2025-08-18 00:01:27] [INFO] [::1] [guest] Queue called: Q250001 by POS System
[2025-08-18 00:04:30] [INFO] [::1] [guest] Queue called: Q250001 by POS System
[2025-08-18 00:04:36] [INFO] [::1] [guest] Queue called: Q250001 by POS System
[2025-08-18 00:14:57] [INFO] [::1] [guest] Queue called: Q250001 by POS System
[2025-08-18 00:20:05] [INFO] [::1] [guest] Queue called: Q250001 by POS System
[2025-08-18 00:20:08] [INFO] [::1] [guest] Queue called: Q250001 by POS System
[2025-08-18 00:20:20] [INFO] [::1] [guest] Queue called: Q250001 by POS System
[2025-08-18 00:20:21] [INFO] [::1] [guest] Queue called: Q250001 by POS System
[2025-08-18 00:20:22] [INFO] [::1] [guest] Queue called: Q250001 by POS System
[2025-08-18 00:24:11] [INFO] [::1] [guest] Queue called: Q250001 by POS System
[2025-08-18 00:25:12] [INFO] [::1] [guest] Queue called: Q250004 by POS System
[2025-08-18 00:27:56] [INFO] [::1] [user_1] Updated menu item ID: 22 by admin
[2025-08-18 00:28:29] [INFO] [::1] [user_1] Updated menu item ID: 9 by admin
[2025-08-18 00:31:37] [INFO] [::1] [guest] Queue called: Q250001 by POS System
[2025-08-18 00:31:37] [INFO] [::1] [guest] Queue called: Q250001 by POS System
[2025-08-18 00:33:19] [INFO] [::1] [guest] Voice queue error: Queue not found or invalid status
[2025-08-18 00:37:07] [INFO] [::1] [user_1] Order created successfully: Order ID 38, Number ORD202508183272, Amount 110
[2025-08-18 00:38:02] [INFO] [::1] [guest] Queue called: Q250001 by POS System
[2025-08-18 00:38:28] [INFO] [::1] [user_1] User login: admin (ID: 1)
[2025-08-18 00:38:43] [INFO] [::1] [guest] Queue called: Q250001 by POS System
[2025-08-18 00:38:50] [INFO] [::1] [guest] Queue called: Q250001 by POS System
[2025-08-18 00:38:51] [INFO] [::1] [guest] Queue called: Q250003 by POS System
[2025-08-18 00:39:00] [INFO] [::1] [guest] Queue called: Q250818001 by POS System
[2025-08-18 00:45:16] [INFO] [::1] [user_1] User login: admin (ID: 1)
[2025-08-18 00:45:22] [INFO] [::1] [guest] Queue called: Q250001 by POS System
[2025-08-18 00:45:30] [INFO] [::1] [guest] Queue called: Q250003 by POS System
